SF:/Users/ocots/Research/logiciels/dev/control-toolbox/CTBase/src/CTBase.jl
DA:70,8
DA:89,2
DA:90,1
DA:107,1
DA:108,1
DA:139,3
DA:159,2
DA:162,1
DA:178,3
DA:179,3
DA:201,2
DA:219,2
DA:220,1
DA:236,2
DA:237,2
LH:15
LF:15
end_of_record
SF:/Users/ocots/Research/logiciels/dev/control-toolbox/CTBase/src/default.jl
DA:22,1
LH:1
LF:1
end_of_record
SF:/Users/ocots/Research/logiciels/dev/control-toolbox/CTBase/src/description.jl
DA:50,1
DA:51,3
DA:52,3
DA:53,3
DA:55,3
DA:56,1
DA:58,2
DA:60,4
DA:61,3
DA:82,9
DA:107,2
DA:108,16
DA:109,2
DA:111,14
DA:142,38
DA:143,19
DA:144,19
DA:145,1
DA:147,18
DA:148,18
DA:149,67
DA:150,67
DA:151,116
DA:152,18
DA:153,4
DA:156,14
DA:183,18
DA:186,18
DA:204,5
LH:29
LF:29
end_of_record
SF:/Users/ocots/Research/logiciels/dev/control-toolbox/CTBase/src/exception.jl
DA:50,6
DA:67,1
DA:68,1
DA:69,1
DA:93,12
DA:102,1
DA:103,1
DA:126,1
DA:135,1
DA:136,1
DA:160,2
DA:169,1
DA:170,1
DA:194,1
DA:203,1
DA:204,1
DA:233,1
DA:234,6
DA:239,5
DA:259,2
DA:260,2
DA:261,2
DA:262,2
DA:263,2
DA:264,2
DA:265,2
DA:266,3
DA:267,3
DA:268,1
DA:270,2
DA:272,4
DA:273,2
LH:32
LF:32
end_of_record
SF:/Users/ocots/Research/logiciels/dev/control-toolbox/CTBase/src/utils.jl
DA:19,2
DA:20,70
DA:21,2
DA:24,67
DA:43,6
DA:44,16
DA:45,2
DA:47,14
DA:50,14
DA:51,36
DA:52,18
DA:53,14
DA:75,2
DA:76,68
DA:77,2
DA:78,38
DA:79,5
DA:80,33
DA:81,5
DA:82,28
DA:83,4
DA:84,24
DA:85,4
DA:88,20
DA:108,16
DA:109,16
DA:110,2
DA:112,14
DA:113,14
DA:114,31
DA:115,17
DA:116,14
LH:32
LF:32
end_of_record
SF:/Users/ocots/Research/logiciels/dev/control-toolbox/CTBase/test/coverage.jl
LH:0
LF:0
end_of_record
SF:/Users/ocots/Research/logiciels/dev/control-toolbox/CTBase/test/repro_cov_timing.jl
DA:10,0
DA:11,0
DA:12,0
DA:13,0
DA:19,0
LH:0
LF:5
end_of_record
SF:/Users/ocots/Research/logiciels/dev/control-toolbox/CTBase/test/runtests.jl
DA:86,2
DA:87,1
LH:2
LF:2
end_of_record
SF:/Users/ocots/Research/logiciels/dev/control-toolbox/CTBase/test/stub_preflight.jl
LH:0
LF:0
end_of_record
SF:/Users/ocots/Research/logiciels/dev/control-toolbox/CTBase/test/suite_ext/test_coverage_post_process.jl
DA:1,1
DA:3,1
DA:4,1
DA:7,3
DA:11,3
DA:12,1
DA:13,1
DA:14,1
DA:15,1
DA:17,1
DA:18,1
DA:19,1
DA:21,2
DA:24,1
DA:25,1
DA:31,3
DA:32,1
DA:33,1
DA:35,1
DA:38,1
DA:39,1
DA:43,3
DA:44,1
DA:45,1
DA:46,1
DA:47,1
DA:49,1
DA:50,1
DA:51,1
DA:53,1
DA:55,1
DA:57,1
DA:58,1
DA:59,1
DA:61,2
DA:62,2
DA:63,2
DA:64,2
DA:70,3
DA:71,1
DA:72,1
DA:73,1
DA:74,1
DA:77,1
DA:82,1
DA:87,1
DA:115,1
DA:127,1
DA:129,2
DA:130,2
DA:132,1
DA:133,1
DA:134,1
DA:140,4
DA:141,1
DA:142,1
DA:143,1
DA:145,1
DA:146,1
DA:154,1
DA:156,2
DA:157,2
DA:163,4
DA:164,1
DA:165,1
DA:166,1
DA:167,1
DA:168,1
DA:177,1
DA:178,1
DA:182,1
DA:183,1
DA:188,1
LH:73
LF:73
end_of_record
SF:/Users/ocots/Research/logiciels/dev/control-toolbox/CTBase/test/suite_ext/test_documenter_reference.jl
DA:6,0
DA:11,0
DA:16,0
DA:19,0
DA:44,0
DA:45,0
DA:46,0
DA:47,0
DA:51,0
DA:52,0
DA:60,0
DA:65,1
DA:66,1
DA:69,5
DA:78,3
DA:79,1
DA:83,3
DA:84,1
DA:85,1
DA:86,1
DA:88,1
DA:89,1
DA:90,1
DA:94,3
DA:95,1
DA:97,1
DA:99,1
DA:101,1
DA:103,1
DA:106,1
DA:107,1
DA:108,1
DA:109,1
DA:110,1
DA:111,1
DA:115,3
DA:116,1
DA:119,1
DA:122,1
DA:125,1
DA:128,1
DA:130,1
DA:133,1
DA:140,3
DA:141,2
DA:145,3
DA:146,1
DA:150,3
DA:151,1
DA:156,3
DA:159,1
DA:160,1
DA:163,1
DA:164,1
DA:165,1
DA:166,1
DA:169,1
DA:172,1
DA:173,1
DA:174,1
DA:175,1
DA:179,3
DA:180,1
DA:181,1
DA:182,1
DA:186,3
DA:187,1
DA:188,1
DA:189,4
DA:190,1
DA:192,1
DA:208,3
DA:214,1
DA:215,1
DA:216,1
DA:219,1
DA:220,1
DA:221,1
DA:225,3
DA:226,1
DA:227,1
DA:228,1
DA:231,1
DA:247,1
DA:249,1
DA:250,1
DA:251,1
DA:253,1
DA:256,1
DA:272,1
DA:288,1
DA:290,1
DA:291,1
DA:292,0
DA:294,1
DA:296,1
DA:297,1
DA:298,1
DA:300,1
DA:304,3
DA:307,1
DA:317,3
DA:319,1
DA:327,1
DA:328,1
DA:329,1
DA:330,1
DA:331,1
DA:332,1
DA:333,1
DA:334,1
DA:337,1
DA:338,1
DA:339,1
DA:340,1
DA:341,1
DA:342,1
DA:343,1
DA:344,1
DA:347,1
DA:348,1
DA:357,1
DA:358,1
DA:359,1
DA:360,1
DA:361,1
DA:362,1
DA:363,1
DA:367,3
DA:377,3
DA:386,3
DA:389,2
DA:390,2
DA:393,1
DA:396,1
DA:397,3
DA:398,1
DA:399,3
DA:400,3
DA:401,3
DA:402,3
DA:403,1
DA:404,3
DA:405,1
DA:406,3
DA:407,1
DA:408,3
DA:409,1
DA:417,3
DA:420,1
DA:423,2
DA:433,1
DA:434,1
DA:435,1
DA:438,1
DA:442,3
DA:444,1
DA:445,1
DA:451,2
DA:462,1
DA:463,1
DA:464,1
DA:467,1
DA:468,3
DA:469,3
DA:478,3
DA:481,1
DA:482,1
DA:485,1
DA:489,3
DA:493,1
DA:496,1
DA:499,1
DA:502,1
DA:505,1
DA:508,1
DA:517,3
DA:518,1
DA:519,1
DA:520,1
DA:523,1
DA:524,1
DA:527,1
DA:528,1
DA:529,1
DA:532,1
DA:533,6
DA:534,6
DA:535,7
DA:538,1
DA:553,1
DA:554,1
DA:555,0
DA:557,1
DA:560,1
DA:561,1
DA:562,1
DA:566,3
DA:567,1
DA:568,1
DA:570,1
DA:571,1
DA:572,1
DA:573,1
DA:575,1
DA:576,1
DA:577,1
DA:578,1
DA:580,1
DA:581,1
DA:582,1
DA:583,1
DA:585,1
DA:586,1
DA:588,2
DA:589,1
DA:593,3
DA:594,3
DA:595,1
DA:596,1
DA:598,3
DA:599,1
DA:600,1
DA:601,1
DA:603,1
DA:604,1
DA:605,1
DA:606,1
DA:608,1
DA:609,1
DA:612,1
DA:613,1
DA:614,2
DA:615,3
DA:616,4
DA:617,4
DA:618,4
DA:619,6
DA:623,3
DA:624,2
DA:628,1
DA:631,1
DA:632,1
DA:633,1
DA:634,3
DA:635,5
DA:637,2
DA:641,1
DA:644,1
DA:645,1
DA:646,1
DA:647,3
DA:651,3
DA:652,1
DA:653,1
DA:654,1
DA:656,1
DA:672,1
DA:673,1
DA:674,2
DA:678,3
DA:680,1
DA:689,1
DA:691,1
DA:695,1
DA:697,1
DA:698,2
DA:707,3
DA:708,1
DA:709,1
DA:710,1
DA:713,1
DA:718,3
DA:719,3
DA:720,1
DA:724,1
DA:725,1
DA:730,3
DA:731,1
DA:734,1
DA:735,1
DA:740,2
DA:741,1
DA:742,1
DA:743,1
DA:746,1
DA:747,1
DA:748,1
LH:275
LF:288
end_of_record
SF:/Users/ocots/Research/logiciels/dev/control-toolbox/CTBase/test/suite_ext/test_testrunner.jl
DA:1,1
DA:3,1
DA:8,1
DA:9,3
DA:13,3
DA:14,1
DA:15,1
DA:17,1
DA:20,1
DA:21,1
DA:30,3
DA:33,3
DA:34,1
DA:35,1
DA:37,1
DA:41,3
DA:42,1
DA:46,4
DA:47,1
DA:51,3
DA:52,1
DA:57,3
DA:58,1
DA:60,1
DA:61,1
DA:66,3
DA:67,1
DA:69,1
DA:70,1
DA:74,5
DA:75,1
DA:76,1
DA:77,1
DA:82,3
DA:83,1
DA:86,1
DA:87,1
DA:88,1
DA:89,2
DA:101,1
DA:102,1
DA:104,1
DA:106,1
DA:107,1
DA:116,3
DA:119,16
DA:120,5
DA:126,1
DA:128,1
DA:129,1
DA:130,1
DA:131,1
DA:139,3
DA:140,1
DA:143,1
DA:144,1
DA:147,1
DA:150,1
DA:153,1
DA:156,1
DA:160,1
DA:164,1
DA:166,1
DA:169,1
DA:176,4
DA:183,1
DA:186,1
DA:189,1
DA:192,1
DA:196,1
DA:199,1
DA:203,1
DA:206,1
DA:209,1
DA:212,1
DA:216,3
DA:217,1
DA:219,1
DA:221,1
DA:224,1
DA:228,3
DA:229,1
DA:230,1
DA:232,1
DA:233,1
DA:234,1
DA:236,1
DA:239,1
DA:243,2
DA:244,1
DA:246,1
DA:248,1
DA:249,1
DA:259,3
DA:260,1
DA:261,1
DA:262,1
DA:266,4
DA:267,1
DA:271,3
DA:272,1
DA:276,4
DA:277,1
DA:281,4
DA:282,3
DA:286,3
DA:287,1
DA:288,1
DA:289,1
DA:290,1
DA:292,2
DA:293,1
DA:299,5
DA:300,1
DA:303,1
DA:304,1
DA:305,1
DA:306,1
DA:307,1
DA:310,3
DA:313,1
DA:317,2
DA:318,1
DA:324,4
DA:325,1
DA:334,3
DA:338,3
DA:339,1
DA:347,1
DA:349,2
DA:351,1
DA:352,1
DA:356,3
DA:357,1
DA:365,1
DA:367,2
DA:369,1
DA:370,1
DA:374,3
DA:375,1
DA:376,1
DA:377,1
DA:386,1
DA:395,1
DA:396,1
DA:401,3
DA:402,1
DA:403,1
DA:404,1
DA:406,1
DA:407,1
DA:415,1
DA:417,2
DA:420,1
DA:421,1
DA:422,1
DA:427,3
DA:428,1
DA:430,1
DA:431,1
DA:434,1
DA:435,1
DA:439,1
DA:441,2
DA:444,1
DA:445,1
DA:450,3
DA:451,1
DA:453,1
DA:454,1
DA:457,1
DA:458,1
DA:462,1
DA:464,2
DA:467,1
DA:468,1
DA:469,1
DA:474,3
DA:476,1
DA:482,1
DA:485,1
DA:486,1
DA:493,1
DA:496,1
DA:497,1
DA:503,1
DA:512,1
LH:187
LF:187
end_of_record
SF:/Users/ocots/Research/logiciels/dev/control-toolbox/CTBase/test/suite_src/test_default.jl
DA:1,1
DA:2,1
DA:3,3
LH:3
LF:3
end_of_record
SF:/Users/ocots/Research/logiciels/dev/control-toolbox/CTBase/test/suite_src/test_description.jl
DA:1,1
DA:3,1
DA:4,3
DA:5,1
DA:6,1
DA:7,1
DA:8,1
DA:9,1
DA:14,3
DA:15,1
DA:16,1
DA:17,1
DA:18,1
DA:19,1
DA:20,1
DA:22,1
DA:24,1
DA:26,1
DA:28,1
DA:30,1
DA:32,1
DA:38,3
DA:39,1
DA:40,1
DA:41,1
DA:42,1
DA:43,1
DA:44,1
DA:46,3
DA:49,3
DA:56,3
DA:57,1
DA:58,1
DA:59,1
DA:65,3
DA:66,1
DA:67,1
DA:70,1
DA:75,3
DA:76,1
DA:77,1
DA:78,1
DA:79,1
DA:84,3
DA:85,1
DA:86,1
DA:87,1
DA:88,1
DA:93,3
DA:94,1
DA:95,2
DA:100,3
DA:101,1
DA:102,1
DA:103,2
DA:104,1
DA:105,1
DA:109,3
DA:110,1
DA:111,1
DA:112,1
DA:113,1
DA:115,1
DA:116,1
DA:117,1
DA:118,2
DA:119,1
DA:123,3
DA:124,2
DA:129,1
LH:70
LF:70
end_of_record
SF:/Users/ocots/Research/logiciels/dev/control-toolbox/CTBase/test/suite_src/test_exceptions.jl
DA:1,1
DA:6,1
DA:7,3
DA:9,2
DA:11,1
DA:12,1
DA:14,1
DA:15,1
DA:20,3
DA:21,2
DA:22,1
DA:23,1
DA:24,1
DA:25,1
DA:30,3
DA:31,2
DA:32,1
DA:33,1
DA:34,1
DA:35,1
DA:40,3
DA:41,2
DA:42,1
DA:43,1
DA:44,1
DA:45,1
DA:50,3
DA:51,2
DA:52,1
DA:53,1
DA:54,1
DA:55,1
DA:61,4
DA:63,1
DA:64,2
DA:65,1
DA:66,1
DA:67,1
DA:68,1
DA:69,1
DA:71,1
DA:72,1
DA:73,1
DA:74,1
DA:78,3
DA:79,2
DA:82,1
LH:47
LF:47
end_of_record
SF:/Users/ocots/Research/logiciels/dev/control-toolbox/CTBase/test/suite_src/test_integration.jl
DA:1,1
DA:3,1
DA:5,1
DA:6,3
DA:7,1
DA:8,1
DA:11,1
DA:13,1
DA:17,1
DA:18,1
DA:19,1
DA:20,1
DA:23,3
DA:26,3
DA:33,3
DA:36,1
DA:37,1
DA:38,1
DA:39,1
DA:42,1
DA:43,1
DA:46,2
DA:47,2
DA:52,3
DA:53,1
DA:56,2
DA:59,1
DA:60,1
DA:61,1
DA:62,1
DA:63,1
DA:66,1
DA:67,1
DA:72,3
DA:73,1
DA:74,1
DA:76,1
DA:79,1
DA:80,1
DA:83,1
LH:40
LF:40
end_of_record
SF:/Users/ocots/Research/logiciels/dev/control-toolbox/CTBase/test/suite_src/test_utils.jl
DA:3,1
DA:4,1
DA:6,4
DA:7,2
DA:10,1
DA:11,1
DA:12,1
DA:13,1
DA:14,1
DA:15,1
DA:16,1
DA:17,1
DA:18,1
DA:19,1
DA:24,4
DA:27,1
DA:28,1
DA:29,1
DA:34,4
DA:35,2
DA:38,1
DA:39,1
DA:40,1
DA:41,1
DA:42,1
DA:43,1
DA:44,1
DA:45,1
DA:46,1
DA:47,1
DA:52,4
DA:55,1
DA:56,1
DA:57,1
DA:61,3
DA:62,10
DA:63,19
DA:67,3
DA:68,10
DA:69,19
DA:72,1
LH:41
LF:41
end_of_record
SF:/Users/ocots/Research/logiciels/dev/control-toolbox/CTBase/test/test_code_quality.jl
DA:1,1
DA:2,1
DA:3,2
DA:4,4
DA:12,1
DA:28,1
LH:6
LF:6
end_of_record
SF:/Users/ocots/Research/logiciels/dev/control-toolbox/CTBase/ext/CoveragePostprocessing.jl
DA:50,6
DA:53,3
DA:56,3
DA:57,3
DA:58,9
DA:59,9
DA:60,8
DA:62,9
DA:64,3
DA:65,3
DA:67,3
DA:69,3
DA:70,3
DA:71,1
DA:84,2
DA:86,2
DA:87,2
DA:88,0
DA:91,2
DA:93,2
DA:94,2
DA:95,2
DA:97,2
DA:98,2
DA:110,3
DA:111,3
DA:112,3
DA:113,3
DA:121,5
DA:122,5
DA:123,5
DA:124,13
DA:125,13
DA:126,11
DA:127,9
DA:128,11
DA:129,13
DA:130,13
DA:131,5
DA:142,2
DA:143,2
DA:144,2
DA:145,5
DA:146,5
DA:147,6
DA:148,5
DA:150,6
DA:151,5
DA:152,5
DA:153,2
DA:155,2
DA:156,2
DA:157,2
DA:158,5
DA:159,5
DA:160,5
DA:161,5
DA:162,5
DA:163,2
DA:165,3
DA:166,2
DA:168,2
DA:169,2
DA:170,5
DA:171,1
DA:172,1
DA:173,5
DA:174,2
DA:176,2
DA:186,2
DA:187,2
DA:188,2
DA:189,5
DA:190,5
DA:191,5
DA:202,4
DA:203,4
DA:210,4
DA:211,4
DA:212,4
DA:213,5
DA:214,5
DA:215,5
DA:216,2
DA:229,3
DA:230,3
DA:233,3
DA:234,3
DA:237,7
DA:238,4
DA:240,3
DA:242,3
DA:243,3
DA:245,3
DA:246,3
DA:247,3
DA:248,3
DA:249,8
DA:250,1
DA:252,2
DA:253,1
DA:254,1
DA:256,3
DA:258,3
DA:259,3
DA:260,3
DA:261,3
DA:262,12
DA:263,5
DA:264,5
DA:265,5
DA:266,7
DA:267,6
DA:268,3
DA:271,3
DA:272,6
DA:275,9
DA:276,6
DA:277,4
DA:279,2
DA:281,4
DA:284,9
DA:285,3
DA:287,3
DA:288,6
DA:289,3
DA:290,3
DA:292,3
DA:293,3
DA:294,3
DA:295,3
DA:296,3
DA:297,3
DA:298,3
DA:299,3
DA:301,3
DA:302,3
DA:303,3
DA:304,3
DA:305,10
DA:306,4
DA:307,4
DA:308,4
DA:309,4
DA:310,3
DA:311,3
DA:312,3
DA:313,3
DA:316,3
DA:317,3
DA:320,3
DA:321,3
LH:151
LF:152
end_of_record
SF:/Users/ocots/Research/logiciels/dev/control-toolbox/CTBase/ext/DocumenterReference.jl
DA:104,13
DA:149,9
DA:150,9
DA:151,9
DA:152,9
DA:199,16
DA:215,8
DA:216,1
DA:222,7
DA:223,6
DA:224,6
DA:225,6
DA:226,11
DA:229,6
DA:230,8
DA:231,4
DA:246,4
DA:252,2
DA:253,2
DA:254,2
DA:269,4
DA:270,1
DA:276,1
DA:277,2
DA:278,1
DA:279,1
DA:280,2
DA:282,1
DA:298,1
DA:301,1
DA:302,2
DA:303,1
DA:327,0
DA:335,1
DA:336,1
DA:337,1
DA:338,1
DA:339,1
DA:340,1
DA:341,1
DA:354,7
DA:355,8
DA:356,8
DA:357,10
DA:358,8
DA:359,2
DA:360,1
DA:361,1
DA:362,2
DA:364,1
DA:368,9
DA:369,7
DA:378,8
DA:403,7
DA:421,7
DA:430,13
DA:431,10
DA:432,5
DA:433,2
DA:442,1
DA:443,1
DA:444,1
DA:454,32
DA:455,13
DA:463,6
DA:470,6
DA:471,3
DA:476,3
DA:487,18
DA:488,9
DA:489,9
DA:490,4
DA:502,36
DA:510,29
DA:511,28
DA:512,25
DA:513,22
DA:514,19
DA:515,6
DA:525,2
DA:526,2
DA:527,2
DA:528,2
DA:530,2
DA:531,32
DA:533,32
DA:534,22
DA:536,20
DA:537,20
DA:539,0
DA:542,40
DA:543,40
DA:544,20
DA:545,32
DA:547,118
DA:548,2
DA:561,12
DA:562,12
DA:564,12
DA:565,12
DA:567,9
DA:570,8
DA:571,1
DA:572,1
DA:576,7
DA:577,1
DA:578,1
DA:581,7
DA:583,1
DA:584,1
DA:593,12
DA:594,24
DA:595,12
DA:596,21
DA:598,3
DA:599,6
DA:600,6
DA:601,6
DA:602,3
DA:603,3
DA:604,3
DA:607,0
DA:609,0
DA:617,3
DA:618,6
DA:619,3
DA:620,3
DA:621,3
DA:623,0
DA:624,0
DA:637,8
DA:638,8
DA:639,16
DA:641,8
DA:642,16
DA:645,19
DA:648,15
DA:649,5
DA:653,10
DA:656,1
DA:659,9
DA:660,16
DA:661,8
DA:669,16
DA:670,32
DA:672,16
DA:673,16
DA:675,0
DA:676,0
DA:679,16
DA:680,6
DA:681,1
DA:682,2
DA:683,1
DA:686,5
DA:687,5
DA:689,10
DA:697,10
DA:704,10
DA:706,3
DA:707,3
DA:708,2
DA:709,1
DA:710,1
DA:712,1
DA:715,1
DA:728,8
DA:729,8
DA:730,9
DA:731,1
DA:732,1
DA:734,8
DA:735,0
DA:738,8
DA:739,8
DA:741,8
DA:742,1
DA:745,7
DA:746,7
DA:755,21
DA:757,28
DA:758,1
DA:759,2
DA:760,1
DA:764,27
DA:767,26
DA:770,25
DA:771,22
DA:775,3
DA:776,2
DA:777,2
DA:778,2
DA:779,2
DA:782,1
DA:790,22
DA:791,27
DA:792,27
DA:793,34
DA:795,27
DA:796,11
DA:797,16
DA:798,1
DA:802,27
DA:803,20
DA:805,5
DA:807,1
DA:810,4
DA:811,4
DA:812,4
DA:813,1
DA:815,3
DA:821,22
DA:829,6
DA:830,13
DA:831,6
DA:832,6
DA:833,7
DA:834,1
DA:836,9
DA:850,1
DA:851,1
DA:852,1
DA:855,1
DA:856,1
DA:857,2
DA:860,1
DA:862,1
DA:866,1
DA:867,1
DA:871,1
DA:876,1
DA:885,3
DA:886,3
DA:888,3
DA:889,6
DA:890,5
DA:891,5
DA:894,3
DA:902,2
DA:903,2
DA:906,2
DA:907,1
DA:908,2
DA:911,2
DA:919,1
DA:920,1
DA:921,1
DA:922,2
DA:924,1
DA:925,1
DA:929,1
DA:930,1
DA:931,2
DA:932,3
DA:934,2
DA:935,2
DA:936,2
DA:937,1
DA:938,1
DA:940,1
DA:948,2
DA:949,2
DA:951,2
DA:952,14
DA:953,14
DA:955,0
DA:958,20
DA:960,16
DA:961,12
DA:962,24
DA:964,12
DA:965,24
DA:967,12
DA:968,10
DA:969,4
DA:971,6
DA:973,16
DA:974,14
DA:976,2
DA:984,1
DA:985,2
DA:986,1
DA:988,2
DA:989,1
DA:991,1
DA:992,1
DA:994,1
DA:997,1
DA:999,1
DA:1007,1
DA:1009,16
DA:1010,1
DA:1018,2
DA:1019,2
DA:1030,2
DA:1031,2
DA:1032,3
DA:1033,3
DA:1034,6
DA:1036,3
DA:1038,2
DA:1046,1
DA:1047,1
DA:1054,1
DA:1055,1
DA:1056,2
DA:1057,1
DA:1058,2
DA:1060,2
DA:1062,1
LH:300
LF:310
end_of_record
SF:/Users/ocots/Research/logiciels/dev/control-toolbox/CTBase/ext/TestRunner.jl
DA:45,4
DA:58,4
DA:60,2
DA:63,2
DA:67,2
DA:68,1
DA:69,2
DA:70,1
DA:74,2
DA:76,27
DA:85,9
DA:100,14
DA:101,14
DA:102,14
DA:103,14
DA:105,14
DA:106,39
DA:107,1
DA:108,37
DA:109,3
DA:110,30
DA:111,4
DA:113,12
DA:115,20
DA:116,14
DA:128,36
DA:143,36
DA:145,36
DA:149,81
DA:153,33
DA:156,5
DA:157,6
DA:159,6
DA:160,1
DA:163,5
DA:164,5
DA:165,11
DA:166,11
DA:168,1
DA:170,10
DA:171,4
DA:174,34
DA:175,34
DA:176,34
DA:177,50
DA:178,189
DA:179,110
DA:180,110
DA:182,189
DA:183,50
DA:184,37
DA:185,34
DA:188,44
DA:191,42
DA:192,22
DA:193,87
DA:195,22
DA:196,1
DA:198,24
DA:199,20
DA:202,2
DA:203,1
DA:217,38
DA:226,106
DA:234,19
DA:236,19
DA:260,7
DA:261,16
DA:264,16
DA:265,16
DA:269,12
DA:270,12
DA:271,21
DA:272,15
DA:273,15
DA:274,15
DA:277,6
DA:278,6
DA:279,2
DA:280,2
DA:281,10
DA:282,4
DA:284,10
DA:286,4
DA:287,4
DA:288,30
DA:289,50
DA:290,10
DA:292,30
DA:295,21
DA:299,37
DA:300,6
DA:305,13
DA:307,13
DA:308,31
DA:316,27
DA:317,4
DA:318,23
DA:319,12
DA:321,11
DA:325,27
DA:327,27
DA:328,27
DA:329,27
DA:331,40
DA:333,34
DA:336,27
DA:337,27
DA:338,32
DA:344,55
DA:350,14
DA:351,14
DA:353,18
DA:355,27
DA:356,25
DA:358,27
DA:360,13
DA:376,34
DA:384,17
DA:385,13
DA:386,11
DA:387,11
DA:388,1
DA:393,10
DA:395,10
DA:396,1
DA:399,9
DA:400,9
DA:401,1
DA:407,8
DA:408,8
DA:411,6
DA:414,6
DA:415,6
DA:420,5
DA:423,5
DA:424,0
DA:431,5
DA:434,5
DA:437,5
DA:438,1
DA:447,8
DA:448,0
DA:451,4
DA:454,4
DA:455,1
DA:462,3
DA:464,3
LH:146
LF:148
end_of_record
